0 info it worked if it ends with ok
1 verbose cli [ 'C:\\Program Files\\nodejs\\node.exe',
1 verbose cli   'C:\\Program Files\\nodejs\\node_modules\\npm\\bin\\npm-cli.js',
1 verbose cli   'install',
1 verbose cli   'gitbook-cli',
1 verbose cli   '-g' ]
2 info using npm@2.15.0
3 info using node@v4.4.2
4 verbose install initial load of C:\Users\cjun-servyou\AppData\Roaming\npm\package.json
5 verbose readDependencies loading dependencies from C:\Users\cjun-servyou\AppData\Roaming\npm\package.json
6 silly cache add args [ 'gitbook-cli', null ]
7 verbose cache add spec gitbook-cli
8 silly cache add parsed spec Result {
8 silly cache add   raw: 'gitbook-cli',
8 silly cache add   scope: null,
8 silly cache add   name: 'gitbook-cli',
8 silly cache add   rawSpec: '',
8 silly cache add   spec: 'latest',
8 silly cache add   type: 'tag' }
9 silly addNamed gitbook-cli@latest
10 verbose addNamed "latest" is being treated as a dist-tag for gitbook-cli
11 info addNameTag [ 'gitbook-cli', 'latest' ]
12 silly mapToRegistry name gitbook-cli
13 silly mapToRegistry using default registry
14 silly mapToRegistry registry https://registry.npmjs.org/
15 silly mapToRegistry data Result {
15 silly mapToRegistry   raw: 'gitbook-cli',
15 silly mapToRegistry   scope: null,
15 silly mapToRegistry   name: 'gitbook-cli',
15 silly mapToRegistry   rawSpec: '',
15 silly mapToRegistry   spec: 'latest',
15 silly mapToRegistry   type: 'tag' }
16 silly mapToRegistry uri https://registry.npmjs.org/gitbook-cli
17 verbose addNameTag registry:https://registry.npmjs.org/gitbook-cli not in flight; fetching
18 verbose request uri https://registry.npmjs.org/gitbook-cli
19 verbose request no auth needed
20 info attempt registry request try #1 at 17:08:19
21 verbose request id 515fd7b85c22fc81
22 http request GET https://registry.npmjs.org/gitbook-cli
23 info retry will retry, error on last attempt: Error: connect ETIMEDOUT 185.31.17.162:443
24 info attempt registry request try #2 at 17:08:50
25 http request GET https://registry.npmjs.org/gitbook-cli
26 info retry will retry, error on last attempt: Error: read ECONNRESET
27 info attempt registry request try #3 at 17:11:14
28 http request GET https://registry.npmjs.org/gitbook-cli
29 verbose stack Error: read ECONNRESET
29 verbose stack     at exports._errnoException (util.js:870:11)
29 verbose stack     at TLSWrap.onread (net.js:552:26)
30 verbose cwd D:\website\gruntTest
31 error Windows_NT 6.1.7601
32 error argv "C:\\Program Files\\nodejs\\node.exe" "C:\\Program Files\\nodejs\\node_modules\\npm\\bin\\npm-cli.js" "install" "gitbook-cli" "-g"
33 error node v4.4.2
34 error npm  v2.15.0
35 error code ECONNRESET
36 error errno ECONNRESET
37 error syscall read
38 error network read ECONNRESET
38 error network This is most likely not a problem with npm itself
38 error network and is related to network connectivity.
38 error network In most cases you are behind a proxy or have bad network settings.
38 error network
38 error network If you are behind a proxy, please make sure that the
38 error network 'proxy' config is set properly.  See: 'npm help config'
39 verbose exit [ 1, true ]
